# JRE version: OpenJDK Runtime Environment (11.0.10) (build 11.0.10+0-b96-7249189)
# Java VM: OpenJDK 64-Bit Server VM (11.0.10+0-b96-7249189, mixed mode, tiered, compressed oops, g1 gc, windows-amd64)
Heap:
 garbage-first heap   total 500736K, used 208442K [0x0000000080000000, 0x0000000100000000)
  region size 1024K, 24 young (24576K), 10 survivors (10240K)
 Metaspace       used 161959K, capacity 167263K, committed 167680K, reserved 1193984K
  class space    used 20182K, capacity 22122K, committed 22272K, reserved 1048576K
GC Heap History (20 events):
Event: 60.918 GC heap before
{Heap before GC invocations=84 (full 0):
 garbage-first heap   total 500736K, used 407746K [0x0000000080000000, 0x0000000100000000)
  region size 1024K, 133 young (136192K), 6 survivors (6144K)
 Metaspace       used 151760K, capacity 156180K, committed 156288K, reserved 1185792K
  class space    used 19157K, capacity 20806K, committed 20864K, reserved 1048576K
}
Event: 60.964 GC heap after
{Heap after GC invocations=85 (full 0):
 garbage-first heap   total 500736K, used 296105K [0x0000000080000000, 0x0000000100000000)
  region size 1024K, 17 young (17408K), 17 survivors (17408K)
 Metaspace       used 151760K, capacity 156180K, committed 156288K, reserved 1185792K
  class space    used 19157K, capacity 20806K, committed 20864K, reserved 1048576K
}
Event: 61.560 GC heap before
{Heap before GC invocations=85 (full 0):
 garbage-first heap   total 500736K, used 400553K [0x0000000080000000, 0x0000000100000000)
  region size 1024K, 116 young (118784K), 17 survivors (17408K)
 Metaspace       used 154220K, capacity 158794K, committed 158976K, reserved 1187840K
  class space    used 19438K, capacity 21133K, committed 21248K, reserved 1048576K
}
Event: 61.580 GC heap after
{Heap after GC invocations=86 (full 0):
 garbage-first heap   total 500736K, used 298898K [0x0000000080000000, 0x0000000100000000)
  region size 1024K, 7 young (7168K), 7 survivors (7168K)
 Metaspace       used 154220K, capacity 158794K, committed 158976K, reserved 1187840K
  class space    used 19438K, capacity 21133K, committed 21248K, reserved 1048576K
}
Event: 62.118 GC heap before
{Heap before GC invocations=86 (full 0):
 garbage-first heap   total 500736K, used 356242K [0x0000000080000000, 0x0000000100000000)
  region size 1024K, 32 young (32768K), 7 survivors (7168K)
 Metaspace       used 155059K, capacity 159582K, committed 159744K, reserved 1187840K
  class space    used 19543K, capacity 21240K, committed 21248K, reserved 1048576K
}
Event: 62.128 GC heap after
{Heap after GC invocations=87 (full 0):
 garbage-first heap   total 500736K, used 311415K [0x0000000080000000, 0x0000000100000000)
  region size 1024K, 4 young (4096K), 4 survivors (4096K)
 Metaspace       used 155059K, capacity 159582K, committed 159744K, reserved 1187840K
  class space    used 19543K, capacity 21240K, committed 21248K, reserved 1048576K
}
Event: 511.816 GC heap before
{Heap before GC invocations=88 (full 0):
 garbage-first heap   total 500736K, used 388215K [0x0000000080000000, 0x0000000100000000)
  region size 1024K, 99 young (101376K), 4 survivors (4096K)
 Metaspace       used 158104K, capacity 163045K, committed 163328K, reserved 1191936K
  class space    used 19864K, capacity 21643K, committed 21760K, reserved 1048576K
}
Event: 511.853 GC heap after
{Heap after GC invocations=89 (full 0):
 garbage-first heap   total 500736K, used 252352K [0x0000000080000000, 0x0000000100000000)
  region size 1024K, 9 young (9216K), 9 survivors (9216K)
 Metaspace       used 158104K, capacity 163045K, committed 163328K, reserved 1191936K
  class space    used 19864K, capacity 21643K, committed 21760K, reserved 1048576K
}
Event: 512.129 GC heap before
{Heap before GC invocations=89 (full 0):
 garbage-first heap   total 500736K, used 268736K [0x0000000080000000, 0x0000000100000000)
  region size 1024K, 24 young (24576K), 9 survivors (9216K)
 Metaspace       used 158301K, capacity 163273K, committed 163328K, reserved 1191936K
  class space    used 19897K, capacity 21718K, committed 21760K, reserved 1048576K
}
Event: 512.169 GC heap after
{Heap after GC invocations=90 (full 0):
 garbage-first heap   total 500736K, used 206225K [0x0000000080000000, 0x0000000100000000)
  region size 1024K, 3 young (3072K), 3 survivors (3072K)
 Metaspace       used 158301K, capacity 163273K, committed 163328K, reserved 1191936K
  class space    used 19897K, capacity 21718K, committed 21760K, reserved 1048576K
}
Event: 512.433 GC heap before
{Heap before GC invocations=90 (full 0):
 garbage-first heap   total 500736K, used 226705K [0x0000000080000000, 0x0000000100000000)
  region size 1024K, 24 young (24576K), 3 survivors (3072K)
 Metaspace       used 158376K, capacity 163371K, committed 163584K, reserved 1191936K
  class space    used 19904K, capacity 21727K, committed 21760K, reserved 1048576K
}
Event: 512.447 GC heap after
{Heap after GC invocations=91 (full 0):
 garbage-first heap   total 500736K, used 197044K [0x0000000080000000, 0x0000000100000000)
  region size 1024K, 3 young (3072K), 3 survivors (3072K)
 Metaspace       used 158376K, capacity 163371K, committed 163584K, reserved 1191936K
  class space    used 19904K, capacity 21727K, committed 21760K, reserved 1048576K
}
Event: 590.109 GC heap before
{Heap before GC invocations=91 (full 0):
 garbage-first heap   total 500736K, used 361908K [0x0000000080000000, 0x0000000100000000)
  region size 1024K, 165 young (168960K), 3 survivors (3072K)
 Metaspace       used 161519K, capacity 167106K, committed 167168K, reserved 1193984K
  class space    used 20205K, capacity 22246K, committed 22272K, reserved 1048576K
}
Event: 590.167 GC heap after
{Heap after GC invocations=92 (full 0):
 garbage-first heap   total 500736K, used 208499K [0x0000000080000000, 0x0000000100000000)
  region size 1024K, 14 young (14336K), 14 survivors (14336K)
 Metaspace       used 161519K, capacity 167106K, committed 167168K, reserved 1193984K
  class space    used 20205K, capacity 22246K, committed 22272K, reserved 1048576K
}
Event: 591.729 GC heap before
{Heap before GC invocations=93 (full 0):
 garbage-first heap   total 500736K, used 387699K [0x0000000080000000, 0x0000000100000000)
  region size 1024K, 187 young (191488K), 14 survivors (14336K)
 Metaspace       used 161617K, capacity 167035K, committed 167424K, reserved 1193984K
  class space    used 20167K, capacity 22154K, committed 22272K, reserved 1048576K
}
Event: 591.755 GC heap after
{Heap after GC invocations=94 (full 0):
 garbage-first heap   total 500736K, used 214290K [0x0000000080000000, 0x0000000100000000)
  region size 1024K, 20 young (20480K), 20 survivors (20480K)
 Metaspace       used 161617K, capacity 167035K, committed 167424K, reserved 1193984K
  class space    used 20167K, capacity 22154K, committed 22272K, reserved 1048576K
}
Event: 591.796 GC heap before
{Heap before GC invocations=94 (full 0):
 garbage-first heap   total 500736K, used 217362K [0x0000000080000000, 0x0000000100000000)
  region size 1024K, 24 young (24576K), 20 survivors (20480K)
 Metaspace       used 161617K, capacity 167035K, committed 167424K, reserved 1193984K
  class space    used 20167K, capacity 22154K, committed 22272K, reserved 1048576K
}
Event: 591.863 GC heap after
{Heap after GC invocations=95 (full 0):
 garbage-first heap   total 500736K, used 188392K [0x0000000080000000, 0x0000000100000000)
  region size 1024K, 3 young (3072K), 3 survivors (3072K)
 Metaspace       used 161617K, capacity 167035K, committed 167424K, reserved 1193984K
  class space    used 20167K, capacity 22154K, committed 22272K, reserved 1048576K
}
Event: 592.338 GC heap before
{Heap before GC invocations=95 (full 0):
 garbage-first heap   total 500736K, used 396264K [0x0000000080000000, 0x0000000100000000)
  region size 1024K, 206 young (210944K), 3 survivors (3072K)
 Metaspace       used 162034K, capacity 167452K, committed 167680K, reserved 1193984K
  class space    used 20209K, capacity 22186K, committed 22272K, reserved 1048576K
}
Event: 592.351 GC heap after
{Heap after GC invocations=96 (full 0):
 garbage-first heap   total 500736K, used 192223K [0x0000000080000000, 0x0000000100000000)
  region size 1024K, 7 young (7168K), 7 survivors (7168K)
 Metaspace       used 162034K, capacity 167452K, committed 167680K, reserved 1193984K
  class space    used 20209K, capacity 22186K, committed 22272K, reserved 1048576K
}

